<?xml version="1.0" encoding="UTF-8"?>
<!-- Generated by org.testng.reporters.JUnitXMLReporter -->
<testsuite ignored="0" hostname="DESKTOP-S8MRBME" failures="1" tests="2" name="Login functionality" time="26.086" errors="0" timestamp="2022-02-09T20:34:38 IST">
  <testcase classname="browserLogin.BrowserLogin" name="applaunch" time="25.979"/>
  <testcase classname="browserLogin.NewTest" name="credentialintoapp" time="0.002">
    <failure type="java.lang.NullPointerException" message="Cannot invoke &amp;quot;org.openqa.selenium.WebDriver.findElement(org.openqa.selenium.By)&amp;quot; because &amp;quot;this.driver&amp;quot; is null">
      <![CDATA[java.lang.NullPointerException: Cannot invoke "org.openqa.selenium.WebDriver.findElement(org.openqa.selenium.By)" because "this.driver" is null
at browserLogin.NewTest.credentialintoapp(NewTest.java:14)
at java.base/java.util.ArrayList.forEach(ArrayList.java:1511)
... Removed 27 stack frames]]>
    </failure>
  </testcase> <!-- credentialintoapp -->
</testsuite> <!-- Login functionality -->
