<?xml version="1.0" encoding="UTF-8"?>
<!-- Generated by org.testng.reporters.JUnitXMLReporter -->
<testsuite ignored="0" hostname="DESKTOP-S8MRBME" failures="0" tests="3" name="User Management" time="142.107" errors="0" timestamp="2022-02-12T08:57:11 IST">
  <testcase classname="browserLogin.AssignmentOrangeHRM" name="applaunch" time="45.584"/>
  <testcase classname="browserLogin.AssignmentOrangeHRM" name="applaunch" time="28.272"/>
  <testcase classname="browserLogin.UsermanagementTest" name="usermanagement" time="68.133"/>
</testsuite> <!-- User Management -->
